[debug] [2026-05-17T23:13:03.215Z] ----------------------------------------------------------------------
[debug] [2026-05-17T23:13:03.217Z] Command:       /usr/local/share/nvm/versions/node/v24.14.0/bin/node /home/codespace/nvm/current/bin/firebase deploy --only hosting --token 1//06HUMN0lwWaboCgYIARAAGAYSNwF-L9IrMpFeDCoBNmaw8jfrWocCi8EP8jFQCWmzZqsTH7MQS17KGIPsH0IXxsg
[debug] [2026-05-17T23:13:03.217Z] CLI Version:   15.18.0
[debug] [2026-05-17T23:13:03.217Z] Platform:      linux
[debug] [2026-05-17T23:13:03.217Z] Node Version:  v24.14.0
[debug] [2026-05-17T23:13:03.217Z] Time:          Sun May 17 2026 23:13:03 GMT+0000 (Coordinated Universal Time)
[debug] [2026-05-17T23:13:03.217Z] ----------------------------------------------------------------------
[debug] 
[debug] [2026-05-17T23:13:04.789Z] > command requires scopes: ["email","openid","https://www.googleapis.com/auth/cloudplatformprojects.readonly","https://www.googleapis.com/auth/firebase","https://www.googleapis.com/auth/cloud-platform"]
[debug] [2026-05-17T23:13:04.789Z] > authorizing via --token option
[warn] ⚠  Authenticating with `--token` is deprecated and will be removed in a future major version of `firebase-tools`. Instead, use a service account key with `GOOGLE_APPLICATION_CREDENTIALS`: https://cloud.google.com/docs/authentication/getting-started 
[debug] [2026-05-17T23:13:04.790Z] [iam] checking project install-availability-tracker for permissions ["firebase.projects.get","firebasehosting.sites.update"]
[debug] [2026-05-17T23:13:04.791Z] No OAuth tokens found
[debug] [2026-05-17T23:13:04.791Z] No OAuth tokens found
[debug] [2026-05-17T23:13:04.791Z] > refreshing access token with scopes: []
[debug] [2026-05-17T23:13:04.793Z] >>> [apiv2][query] POST https://www.googleapis.com/oauth2/v3/token [none]
[debug] [2026-05-17T23:13:04.793Z] >>> [apiv2][body] POST https://www.googleapis.com/oauth2/v3/token [omitted]
[debug] [2026-05-17T23:13:04.865Z] <<< [apiv2][status] POST https://www.googleapis.com/oauth2/v3/token 400
[debug] [2026-05-17T23:13:04.865Z] <<< [apiv2][body] POST https://www.googleapis.com/oauth2/v3/token [omitted]
[debug] [2026-05-17T23:13:04.866Z] >>> [apiv2][query] POST https://cloudresourcemanager.googleapis.com/v1/projects/install-availability-tracker:testIamPermissions [none]
[debug] [2026-05-17T23:13:04.866Z] >>> [apiv2][(partial)header] POST https://cloudresourcemanager.googleapis.com/v1/projects/install-availability-tracker:testIamPermissions  x-goog-user-project=install-availability-tracker
[debug] [2026-05-17T23:13:04.866Z] >>> [apiv2][body] POST https://cloudresourcemanager.googleapis.com/v1/projects/install-availability-tracker:testIamPermissions {"permissions":["firebase.projects.get","firebasehosting.sites.update"]}
[debug] [2026-05-17T23:13:04.925Z] <<< [apiv2][status] POST https://cloudresourcemanager.googleapis.com/v1/projects/install-availability-tracker:testIamPermissions 401
[debug] [2026-05-17T23:13:04.925Z] <<< [apiv2][body] POST https://cloudresourcemanager.googleapis.com/v1/projects/install-availability-tracker:testIamPermissions {"error":{"code":401,"message":"Request had invalid authentication credentials. Expected OAuth 2 access token, login cookie or other valid authentication credential. See https://developers.google.com/identity/sign-in/web/devconsole-project.","status":"UNAUTHENTICATED","details":[{"@type":"type.googleapis.com/google.rpc.ErrorInfo","reason":"ACCESS_TOKEN_TYPE_UNSUPPORTED","metadata":{"method":"google.cloudresourcemanager.v1.Projects.TestIamPermissions","service":"cloudresourcemanager.googleapis.com"}}]}}
[debug] [2026-05-17T23:13:04.925Z] Got a 401 Unauthenticated error for a call that required authentication. Refreshing tokens.
[debug] [2026-05-17T23:13:04.926Z] No OAuth tokens found
[debug] [2026-05-17T23:13:04.926Z] No OAuth tokens found
[debug] [2026-05-17T23:13:04.926Z] > refreshing access token with scopes: []
[debug] [2026-05-17T23:13:04.926Z] >>> [apiv2][query] POST https://www.googleapis.com/oauth2/v3/token [none]
[debug] [2026-05-17T23:13:04.926Z] >>> [apiv2][body] POST https://www.googleapis.com/oauth2/v3/token [omitted]
[debug] [2026-05-17T23:13:04.950Z] <<< [apiv2][status] POST https://www.googleapis.com/oauth2/v3/token 400
[debug] [2026-05-17T23:13:04.950Z] <<< [apiv2][body] POST https://www.googleapis.com/oauth2/v3/token [omitted]
[debug] [2026-05-17T23:13:04.951Z] [iam] error while checking permissions, command may fail: Request to https://cloudresourcemanager.googleapis.com/v1/projects/install-availability-tracker:testIamPermissions had HTTP Error: 401, Request had invalid authentication credentials. Expected OAuth 2 access token, login cookie or other valid authentication credential. See https://developers.google.com/identity/sign-in/web/devconsole-project.
[debug] [2026-05-17T23:13:04.952Z] No OAuth tokens found
[debug] [2026-05-17T23:13:04.952Z] >>> [apiv2][query] GET https://firebase.googleapis.com/v1beta1/projects/install-availability-tracker [none]
[debug] [2026-05-17T23:13:05.031Z] <<< [apiv2][status] GET https://firebase.googleapis.com/v1beta1/projects/install-availability-tracker 401
[debug] [2026-05-17T23:13:05.031Z] <<< [apiv2][body] GET https://firebase.googleapis.com/v1beta1/projects/install-availability-tracker {"error":{"code":401,"message":"Request had invalid authentication credentials. Expected OAuth 2 access token, login cookie or other valid authentication credential. See https://developers.google.com/identity/sign-in/web/devconsole-project.","status":"UNAUTHENTICATED"}}
[debug] [2026-05-17T23:13:05.031Z] Got a 401 Unauthenticated error for a call that required authentication. Refreshing tokens.
[debug] [2026-05-17T23:13:05.032Z] No OAuth tokens found
[debug] [2026-05-17T23:13:05.032Z] No OAuth tokens found
[debug] [2026-05-17T23:13:05.032Z] > refreshing access token with scopes: []
[debug] [2026-05-17T23:13:05.032Z] >>> [apiv2][query] POST https://www.googleapis.com/oauth2/v3/token [none]
[debug] [2026-05-17T23:13:05.032Z] >>> [apiv2][body] POST https://www.googleapis.com/oauth2/v3/token [omitted]
[debug] [2026-05-17T23:13:05.055Z] <<< [apiv2][status] POST https://www.googleapis.com/oauth2/v3/token 400
[debug] [2026-05-17T23:13:05.055Z] <<< [apiv2][body] POST https://www.googleapis.com/oauth2/v3/token [omitted]
[debug] [2026-05-17T23:13:05.055Z] Request to https://firebase.googleapis.com/v1beta1/projects/install-availability-tracker had HTTP Error: 401, Request had invalid authentication credentials. Expected OAuth 2 access token, login cookie or other valid authentication credential. See https://developers.google.com/identity/sign-in/web/devconsole-project.
[error] 
[error] Error: Assertion failed: resolving hosting target of a site with no site name or target name. This should have caused an error earlier
[debug] [2026-05-17T23:13:08.203Z] ----------------------------------------------------------------------
[debug] [2026-05-17T23:13:08.205Z] Command:       /usr/local/share/nvm/versions/node/v24.14.0/bin/node /home/codespace/nvm/current/bin/firebase deploy --only hosting --token 1//06HUMN0lwWaboCgYIARAAGAYSNwF-L9IrMpFeDCoBNmaw8jfrWocCi8EP8jFQCWmzZqsTH7MQS17KGIPsH0IXxsg
[debug] [2026-05-17T23:13:08.206Z] CLI Version:   15.18.0
[debug] [2026-05-17T23:13:08.206Z] Platform:      linux
[debug] [2026-05-17T23:13:08.206Z] Node Version:  v24.14.0
[debug] [2026-05-17T23:13:08.206Z] Time:          Sun May 17 2026 23:13:08 GMT+0000 (Coordinated Universal Time)
[debug] [2026-05-17T23:13:08.206Z] ----------------------------------------------------------------------
[debug] 
[debug] [2026-05-17T23:13:09.656Z] > command requires scopes: ["email","openid","https://www.googleapis.com/auth/cloudplatformprojects.readonly","https://www.googleapis.com/auth/firebase","https://www.googleapis.com/auth/cloud-platform"]
[debug] [2026-05-17T23:13:09.658Z] > authorizing via --token option
[warn] ⚠  Authenticating with `--token` is deprecated and will be removed in a future major version of `firebase-tools`. Instead, use a service account key with `GOOGLE_APPLICATION_CREDENTIALS`: https://cloud.google.com/docs/authentication/getting-started 
[debug] [2026-05-17T23:13:09.662Z] [iam] checking project install-availability-tracker for permissions ["firebase.projects.get","firebasehosting.sites.update"]
[debug] [2026-05-17T23:13:09.664Z] No OAuth tokens found
[debug] [2026-05-17T23:13:09.664Z] No OAuth tokens found
[debug] [2026-05-17T23:13:09.665Z] > refreshing access token with scopes: []
[debug] [2026-05-17T23:13:09.669Z] >>> [apiv2][query] POST https://www.googleapis.com/oauth2/v3/token [none]
[debug] [2026-05-17T23:13:09.669Z] >>> [apiv2][body] POST https://www.googleapis.com/oauth2/v3/token [omitted]
[debug] [2026-05-17T23:13:09.776Z] <<< [apiv2][status] POST https://www.googleapis.com/oauth2/v3/token 400
[debug] [2026-05-17T23:13:09.776Z] <<< [apiv2][body] POST https://www.googleapis.com/oauth2/v3/token [omitted]
[debug] [2026-05-17T23:13:09.776Z] >>> [apiv2][query] POST https://cloudresourcemanager.googleapis.com/v1/projects/install-availability-tracker:testIamPermissions [none]
[debug] [2026-05-17T23:13:09.776Z] >>> [apiv2][(partial)header] POST https://cloudresourcemanager.googleapis.com/v1/projects/install-availability-tracker:testIamPermissions  x-goog-user-project=install-availability-tracker
[debug] [2026-05-17T23:13:09.776Z] >>> [apiv2][body] POST https://cloudresourcemanager.googleapis.com/v1/projects/install-availability-tracker:testIamPermissions {"permissions":["firebase.projects.get","firebasehosting.sites.update"]}
[debug] [2026-05-17T23:13:09.849Z] <<< [apiv2][status] POST https://cloudresourcemanager.googleapis.com/v1/projects/install-availability-tracker:testIamPermissions 401
[debug] [2026-05-17T23:13:09.849Z] <<< [apiv2][body] POST https://cloudresourcemanager.googleapis.com/v1/projects/install-availability-tracker:testIamPermissions {"error":{"code":401,"message":"Request had invalid authentication credentials. Expected OAuth 2 access token, login cookie or other valid authentication credential. See https://developers.google.com/identity/sign-in/web/devconsole-project.","status":"UNAUTHENTICATED","details":[{"@type":"type.googleapis.com/google.rpc.ErrorInfo","reason":"ACCESS_TOKEN_TYPE_UNSUPPORTED","metadata":{"method":"google.cloudresourcemanager.v1.Projects.TestIamPermissions","service":"cloudresourcemanager.googleapis.com"}}]}}
[debug] [2026-05-17T23:13:09.849Z] Got a 401 Unauthenticated error for a call that required authentication. Refreshing tokens.
[debug] [2026-05-17T23:13:09.849Z] No OAuth tokens found
[debug] [2026-05-17T23:13:09.849Z] No OAuth tokens found
[debug] [2026-05-17T23:13:09.849Z] > refreshing access token with scopes: []
[debug] [2026-05-17T23:13:09.850Z] >>> [apiv2][query] POST https://www.googleapis.com/oauth2/v3/token [none]
[debug] [2026-05-17T23:13:09.850Z] >>> [apiv2][body] POST https://www.googleapis.com/oauth2/v3/token [omitted]
[debug] [2026-05-17T23:13:09.871Z] <<< [apiv2][status] POST https://www.googleapis.com/oauth2/v3/token 400
[debug] [2026-05-17T23:13:09.872Z] <<< [apiv2][body] POST https://www.googleapis.com/oauth2/v3/token [omitted]
[debug] [2026-05-17T23:13:09.872Z] [iam] error while checking permissions, command may fail: Request to https://cloudresourcemanager.googleapis.com/v1/projects/install-availability-tracker:testIamPermissions had HTTP Error: 401, Request had invalid authentication credentials. Expected OAuth 2 access token, login cookie or other valid authentication credential. See https://developers.google.com/identity/sign-in/web/devconsole-project.
[debug] [2026-05-17T23:13:09.873Z] No OAuth tokens found
[debug] [2026-05-17T23:13:09.873Z] >>> [apiv2][query] GET https://firebase.googleapis.com/v1beta1/projects/install-availability-tracker [none]
[debug] [2026-05-17T23:13:10.054Z] <<< [apiv2][status] GET https://firebase.googleapis.com/v1beta1/projects/install-availability-tracker 401
[debug] [2026-05-17T23:13:10.054Z] <<< [apiv2][body] GET https://firebase.googleapis.com/v1beta1/projects/install-availability-tracker {"error":{"code":401,"message":"Request had invalid authentication credentials. Expected OAuth 2 access token, login cookie or other valid authentication credential. See https://developers.google.com/identity/sign-in/web/devconsole-project.","status":"UNAUTHENTICATED"}}
[debug] [2026-05-17T23:13:10.054Z] Got a 401 Unauthenticated error for a call that required authentication. Refreshing tokens.
[debug] [2026-05-17T23:13:10.054Z] No OAuth tokens found
[debug] [2026-05-17T23:13:10.055Z] No OAuth tokens found
[debug] [2026-05-17T23:13:10.055Z] > refreshing access token with scopes: []
[debug] [2026-05-17T23:13:10.055Z] >>> [apiv2][query] POST https://www.googleapis.com/oauth2/v3/token [none]
[debug] [2026-05-17T23:13:10.055Z] >>> [apiv2][body] POST https://www.googleapis.com/oauth2/v3/token [omitted]
[debug] [2026-05-17T23:13:10.079Z] <<< [apiv2][status] POST https://www.googleapis.com/oauth2/v3/token 400
[debug] [2026-05-17T23:13:10.080Z] <<< [apiv2][body] POST https://www.googleapis.com/oauth2/v3/token [omitted]
[debug] [2026-05-17T23:13:10.080Z] Request to https://firebase.googleapis.com/v1beta1/projects/install-availability-tracker had HTTP Error: 401, Request had invalid authentication credentials. Expected OAuth 2 access token, login cookie or other valid authentication credential. See https://developers.google.com/identity/sign-in/web/devconsole-project.
[error] 
[error] Error: Assertion failed: resolving hosting target of a site with no site name or target name. This should have caused an error earlier
